
Inputs:
-------------------------
1: 1 3
100: 100 2
103: 103 2
106: 106 2
109: 109 1
110: 110 1
111: 111 1
112: 112 1
113: 113 1
114: 114 1
115: 115 2
118: 118 2
12: 12 2
121: 121 2
124: 124 2
127: 127 2
130: 130 2
133: 133 1
134: 134 1
135: 135 2
138: 138 2
141: 141 2
144: 144 2
147: 147 2
15: 15 2
150: 150 1
151: 151 1
152: 152 1
153: 153 1
154: 154 1
155: 155 1
156: 156 1
157: 157 1
158: 158 1
159: 159 1
160: 160 1
161: 161 1
162: 162 1
163: 163 1
164: 164 1
165: 165 1
166: 166 1
167: 167 1
168: 168 1
169: 169 1
170: 170 1
171: 171 1
172: 172 1
173: 173 1
174: 174 1
175: 175 1
176: 176 1
177: 177 1
178: 178 1
179: 179 1
18: 18 4
180: 180 1
181: 181 1
182: 182 1
183: 183 1
184: 184 1
185: 185 1
186: 186 1
187: 187 1
188: 188 1
189: 189 1
190: 190 1
191: 191 1
192: 192 1
193: 193 1
194: 194 1
195: 195 1
196: 196 1
197: 197 1
198: 198 1
199: 199 1
200: 200 1
201: 201 1
202: 202 1
203: 203 1
204: 204 1
205: 205 1
206: 206 1
207: 207 1
208: 208 1
209: 209 1
210: 210 1
211: 211 1
212: 212 1
213: 213 1
214: 214 1
215: 215 1
216: 216 1
217: 217 1
218: 218 1
219: 219 1
220: 220 1
221: 221 1
222: 222 1
223: 223 1
224: 224 1
225: 225 1
226: 226 1
227: 227 1
228: 228 1
229: 229 1
23: 23 2
230: 230 1
231: 231 1
232: 232 1
233: 233 1
234: 234 1
235: 235 1
236: 236 1
237: 237 1
238: 238 1
239: 239 1
240: 240 1
241: 241 0
242: 242 2
245: 245 2
248: 248 2
251: 251 2
254: 254 2
257: 257 2
26: 26 2
260: 260 2
263: 263 3
267: 267 3
271: 271 2
274: 274 2
277: 277 2
280: 280 2
283: 283 2
286: 286 2
289: 289 3
29: 29 2
293: 293 2
296: 296 2
299: 299 3
303: 303 3
307: 307 2
310: 310 2
313: 313 2
316: 316 2
319: 319 2
32: 32 2
322: 322 2
325: 325 2
328: 328 2
331: 331 2
334: 334 2
337: 337 2
340: 340 2
343: 343 2
346: 346 2
349: 349 2
35: 35 2
352: 352 2
355: 355 2
358: 358 2
361: 361 2
364: 364 2
367: 367 14
38: 38 2
382: 382 4
41: 41 2
44: 44 2
47: 47 2
5: 5 3
50: 50 2
53: 53 1
54: 54 1
55: 55 1
56: 56 1
57: 57 1
58: 58 1
59: 59 1
60: 60 1
61: 61 1
62: 62 1
63: 63 1
64: 64 1
65: 65 1
66: 66 2
69: 69 1
70: 70 2
73: 73 1
74: 74 1
75: 75 1
76: 76 1
77: 77 1
78: 78 1
79: 79 1
80: 80 1
81: 81 1
82: 82 1
83: 83 1
84: 84 1
85: 85 1
86: 86 1
87: 87 1
88: 88 1
89: 89 4
9: 9 2
94: 94 2
97: 97 2

Gates:
-------------------------
10002: 10002 1
10003: 10003 2
10006: 10006 1
10007: 10007 2
10010: 10010 2
10013: 10013 1
10014: 10014 1
10015: 10015 1
10016: 10016 1
10017: 10017 1
10018: 10018 1
10019: 10019 1
10020: 10020 1
10021: 10021 1
10022: 10022 1
10023: 10023 1
10024: 10024 1
10025: 10025 0
10026: 10026 1
10028: 10028 1
10032: 10032 1
10033: 10033 1
10034: 10034 1
10035: 10035 1
10036: 10036 1
10037: 10037 1
10038: 10038 1
10039: 10039 1
10040: 10040 1
10041: 10041 1
10042: 10042 1
10043: 10043 1
10050: 10050 1
10053: 10053 1
10054: 10054 1
10055: 10055 1
10056: 10056 1
10057: 10057 1
10058: 10058 1
10059: 10059 1
10060: 10060 1
10061: 10061 1
10062: 10062 1
10067: 10067 1
10070: 10070 2
10073: 10073 2
10076: 10076 1
10077: 10077 1
10082: 10082 1
10083: 10083 1
10084: 10084 1
10085: 10085 1
10086: 10086 1
10093: 10093 1
10094: 10094 1
10101: 10101 0
10102: 10102 0
10103: 10103 0
10104: 10104 0
10105: 10105 1
10106: 10106 1
10107: 10107 1
10108: 10108 1
10109: 10109 0
10110: 10110 0
10111: 10111 0
10112: 10112 0
10113: 10113 1
10114: 10114 1
10115: 10115 1
10116: 10116 2
10119: 10119 4
10124: 10124 5
10130: 10130 1
10131: 10131 1
10132: 10132 1
10133: 10133 1
10134: 10134 1
10135: 10135 1
10136: 10136 1
10137: 10137 1
10138: 10138 1
10139: 10139 1
10140: 10140 1
10141: 10141 6
10148: 10148 6
10155: 10155 1
10156: 10156 1
10157: 10157 1
10158: 10158 1
10159: 10159 1
10160: 10160 1
10161: 10161 1
10162: 10162 1
10163: 10163 1
10164: 10164 1
10165: 10165 1
10170: 10170 2
10173: 10173 2
10176: 10176 1
10177: 10177 1
10178: 10178 1
10179: 10179 1
10180: 10180 2
10183: 10183 2
10186: 10186 2
10189: 10189 2
10192: 10192 2
10195: 10195 1
10196: 10196 1
10197: 10197 2
10200: 10200 2
10203: 10203 1
10204: 10204 1
10205: 10205 1
10206: 10206 1
10212: 10212 1
10213: 10213 1
10230: 10230 1
10231: 10231 1
10232: 10232 1
10233: 10233 1
10234: 10234 1
10237: 10237 1
10238: 10238 1
10239: 10239 1
10240: 10240 1
10241: 10241 1
10242: 10242 1
10247: 10247 1
10248: 10248 1
10259: 10259 1
10264: 10264 1
10265: 10265 1
10266: 10266 1
10267: 10267 1
10268: 10268 1
10269: 10269 1
10270: 10270 1
10271: 10271 1
10272: 10272 1
10273: 10273 4
10278: 10278 1
10279: 10279 1
1028: 1028 1
10280: 10280 1
10281: 10281 1
10282: 10282 1
10283: 10283 3
10287: 10287 1
10288: 10288 1
10289: 10289 1
1029: 1029 2
10290: 10290 1
10291: 10291 1
10292: 10292 1
10293: 10293 1
10294: 10294 1
10295: 10295 1
10296: 10296 2
10299: 10299 1
10300: 10300 1
10301: 10301 4
10306: 10306 1
10307: 10307 1
10308: 10308 2
10311: 10311 2
10314: 10314 1
10315: 10315 1
10316: 10316 1
10317: 10317 1
10318: 10318 2
10321: 10321 2
10324: 10324 1
10325: 10325 1
10326: 10326 1
10327: 10327 1
10328: 10328 1
10329: 10329 1
10330: 10330 1
10331: 10331 1
10332: 10332 1
10333: 10333 1
10334: 10334 2
10337: 10337 1
10338: 10338 1
10339: 10339 1
10340: 10340 1
10341: 10341 2
10344: 10344 2
10350: 10350 0
10351: 10351 0
10352: 10352 0
10353: 10353 0
10354: 10354 2
10357: 10357 2
10360: 10360 2
10367: 10367 4
10375: 10375 5
10381: 10381 6
10388: 10388 2
10391: 10391 2
10399: 10399 2
10402: 10402 2
10406: 10406 2
10409: 10409 2
10412: 10412 2
10415: 10415 2
10419: 10419 2
10422: 10422 2
10425: 10425 2
10428: 10428 2
10431: 10431 1
10432: 10432 1
10437: 10437 1
10438: 10438 1
10439: 10439 1
10440: 10440 1
10441: 10441 1
10444: 10444 1
10445: 10445 1
10450: 10450 1
10451: 10451 1
10455: 10455 1
10456: 10456 1
10465: 10465 1
10466: 10466 1
10479: 10479 3
10497: 10497 3
10509: 10509 2
10512: 10512 2
10515: 10515 1
10516: 10516 1
10517: 10517 1
10518: 10518 1
10519: 10519 2
10522: 10522 2
10525: 10525 2
10528: 10528 2
10531: 10531 2
10534: 10534 1
10535: 10535 1
10536: 10536 2
10539: 10539 2
10542: 10542 1
10543: 10543 1
10544: 10544 1
10545: 10545 1
10546: 10546 1
10547: 10547 1
10548: 10548 1
10549: 10549 1
10550: 10550 1
10551: 10551 1
10552: 10552 1
10553: 10553 1
10554: 10554 1
10555: 10555 1
10556: 10556 1
10557: 10557 1
10558: 10558 1
10559: 10559 1
10560: 10560 1
10561: 10561 1
10562: 10562 1
10563: 10563 1
10564: 10564 1
10565: 10565 1
10566: 10566 1
10567: 10567 1
10568: 10568 1
10569: 10569 1
10570: 10570 1
10571: 10571 1
10572: 10572 1
10573: 10573 1
10574: 10574 0
10575: 10575 0
10576: 10576 0
10577: 10577 1
10581: 10581 1
10582: 10582 1
10583: 10583 3
10587: 10587 1
10588: 10588 1
10589: 10589 4
10594: 10594 1
10595: 10595 1
10596: 10596 1
10597: 10597 1
10598: 10598 1
10602: 10602 2
10609: 10609 1
10610: 10610 1
10621: 10621 1
10626: 10626 1
10627: 10627 1
10628: 10628 0
10629: 10629 1
10631: 10631 1
10632: 10632 0
10637: 10637 1
10638: 10638 1
10639: 10639 1
10640: 10640 1
10641: 10641 0
10642: 10642 1
10643: 10643 1
10644: 10644 1
10645: 10645 1
10647: 10647 1
10648: 10648 1
10649: 10649 1
10652: 10652 5
10659: 10659 2
10662: 10662 2
10665: 10665 2
10668: 10668 2
10671: 10671 1
10672: 10672 1
10673: 10673 1
10674: 10674 1
10675: 10675 2
10678: 10678 2
10681: 10681 1
10682: 10682 1
10683: 10683 1
10684: 10684 1
10685: 10685 1
10686: 10686 1
10687: 10687 1
10688: 10688 1
10689: 10689 1
10690: 10690 1
10691: 10691 2
10694: 10694 1
10695: 10695 1
10696: 10696 1
10697: 10697 1
10698: 10698 2
10701: 10701 2
10704: 10704 0
10705: 10705 1
10706: 10706 0
10707: 10707 1
10708: 10708 1
10709: 10709 1
10710: 10710 1
10711: 10711 0
10712: 10712 0
10713: 10713 0
10714: 10714 0
10715: 10715 0
10716: 10716 0
10717: 10717 0
10718: 10718 0
10719: 10719 1
10720: 10720 1
10729: 10729 0
10730: 10730 1
10731: 10731 1
10737: 10737 1
10738: 10738 1
10739: 10739 2
10746: 10746 1
10747: 10747 1
10748: 10748 1
10749: 10749 1
10750: 10750 1
10753: 10753 1
10754: 10754 1
10759: 10759 0
10760: 10760 0
10761: 10761 0
10762: 10762 0
10763: 10763 0
10764: 10764 1
10765: 10765 1
10766: 10766 1
10767: 10767 1
10768: 10768 1
10769: 10769 1
10770: 10770 1
10771: 10771 1
10772: 10772 1
10773: 10773 1
10774: 10774 1
10775: 10775 1
10776: 10776 1
10778: 10778 2
10781: 10781 2
10784: 10784 4
10789: 10789 2
10792: 10792 2
10796: 10796 1
10797: 10797 1
10798: 10798 1
10799: 10799 1
10800: 10800 2
10803: 10803 2
10806: 10806 2
10809: 10809 2
10812: 10812 2
10815: 10815 1
10816: 10816 1
10817: 10817 2
10820: 10820 2
10823: 10823 1
10824: 10824 1
10825: 10825 1
10826: 10826 1
10827: 10827 0
10832: 10832 1
10833: 10833 1
10834: 10834 1
10835: 10835 1
10836: 10836 1
10837: 10837 0
10838: 10838 0
10839: 10839 0
10840: 10840 0
10845: 10845 1
10846: 10846 1
10857: 10857 1
10862: 10862 1
10863: 10863 1
10864: 10864 1
10865: 10865 1
10866: 10866 1
10867: 10867 1
10868: 10868 0
10869: 10869 0
10870: 10870 0
10871: 10871 0
10872: 10872 1
10873: 10873 1
10874: 10874 1
10875: 10875 1
10876: 10876 2
10879: 10879 2
10882: 10882 1
10883: 10883 1
10884: 10884 1
10885: 10885 1
10886: 10886 1
10887: 10887 1
10888: 10888 1
10889: 10889 1
10890: 10890 1
10891: 10891 1
10892: 10892 2
10895: 10895 1
10896: 10896 1
10897: 10897 1
10898: 10898 1
10899: 10899 2
10902: 10902 2
10905: 10905 0
10906: 10906 0
10907: 10907 0
10908: 10908 0
10909: 10909 1
10910: 10910 1
10915: 10915 1
10916: 10916 1
10917: 10917 1
10918: 10918 1
10919: 10919 1
10922: 10922 1
10923: 10923 1
10928: 10928 2
10931: 10931 2
10934: 10934 1
10935: 10935 1
10936: 10936 1
10937: 10937 1
10938: 10938 2
10941: 10941 2
10944: 10944 2
10947: 10947 2
10950: 10950 2
10953: 10953 1
10954: 10954 1
10955: 10955 2
10958: 10958 2
10961: 10961 1
10962: 10962 1
10963: 10963 1
10964: 10964 1
10969: 10969 1
10970: 10970 1
10981: 10981 1
10986: 10986 1
10987: 10987 1
10988: 10988 1
10989: 10989 1
10990: 10990 1
10991: 10991 1
10992: 10992 2
10995: 10995 2
10998: 10998 1
10999: 10999 1
11000: 11000 1
11001: 11001 1
11002: 11002 1
11003: 11003 1
11004: 11004 1
11005: 11005 1
11006: 11006 1
11007: 11007 1
11008: 11008 2
11011: 11011 1
11012: 11012 1
11013: 11013 1
11014: 11014 1
11015: 11015 2
11018: 11018 2
11023: 11023 1
11024: 11024 1
11027: 11027 1
11028: 11028 1
11029: 11029 1
11030: 11030 1
11031: 11031 1
11034: 11034 1
11035: 11035 1
11040: 11040 1
11041: 11041 1
11042: 11042 1
11043: 11043 1
11044: 11044 2
11047: 11047 2
11050: 11050 2
11053: 11053 2
11056: 11056 2
11059: 11059 2
11062: 11062 2
11065: 11065 1
11066: 11066 1
11067: 11067 2
11070: 11070 2
11073: 11073 1
11074: 11074 1
11075: 11075 1
11076: 11076 1
11077: 11077 1
11078: 11078 1
1109: 1109 1
11095: 11095 1
11098: 11098 1
11099: 11099 1
1110: 1110 0
11100: 11100 2
11103: 11103 2
11106: 11106 1
11107: 11107 1
11108: 11108 1
11109: 11109 1
1111: 1111 0
11110: 11110 1
11111: 11111 1
11112: 11112 1
11113: 11113 1
11114: 11114 1
11115: 11115 1
11116: 11116 1
11117: 11117 1
11118: 11118 1
11119: 11119 1
1112: 1112 0
11120: 11120 1
11121: 11121 1
11122: 11122 1
11123: 11123 1
11124: 11124 2
11127: 11127 2
1113: 1113 0
11130: 11130 2
11137: 11137 1
11138: 11138 1
11139: 11139 1
1114: 1114 0
11140: 11140 1
11141: 11141 1
11142: 11142 1
11143: 11143 1
11144: 11144 1
11145: 11145 1
1115: 1115 1
11152: 11152 1
11153: 11153 1
11154: 11154 1
11155: 11155 1
11156: 11156 2
11159: 11159 2
1116: 1116 2
11162: 11162 2
11165: 11165 2
11168: 11168 2
11171: 11171 2
11174: 11174 2
11177: 11177 2
11180: 11180 2
11183: 11183 1
11184: 11184 1
11185: 11185 1
11186: 11186 1
11187: 11187 1
11188: 11188 1
1119: 1119 5
11205: 11205 2
11210: 11210 1
11211: 11211 1
11212: 11212 1
11213: 11213 1
11214: 11214 1
11215: 11215 1
11216: 11216 1
11217: 11217 1
11218: 11218 1
11219: 11219 1
11220: 11220 1
11222: 11222 1
11223: 11223 1
11224: 11224 1
11225: 11225 1
11226: 11226 1
11227: 11227 1
11228: 11228 1
11229: 11229 1
11231: 11231 1
11232: 11232 1
11233: 11233 2
11236: 11236 2
11239: 11239 2
11242: 11242 1
11243: 11243 1
11244: 11244 1
11245: 11245 1
11246: 11246 1
1125: 1125 6
11250: 11250 1
11252: 11252 2
11257: 11257 2
11260: 11260 1
11261: 11261 1
11262: 11262 1
11263: 11263 1
11264: 11264 1
11265: 11265 1
11267: 11267 1
11268: 11268 1
11269: 11269 1
11270: 11270 1
11272: 11272 2
11277: 11277 1
11278: 11278 1
11279: 11279 1
11280: 11280 1
11282: 11282 1
11283: 11283 1
11284: 11284 1
11285: 11285 1
11286: 11286 1
11288: 11288 1
11289: 11289 1
11290: 11290 1
11291: 11291 1
11292: 11292 1
11293: 11293 1
11294: 11294 1
11295: 11295 1
11296: 11296 1
11297: 11297 1
11298: 11298 1
11299: 11299 2
11302: 11302 2
11307: 11307 1
11308: 11308 1
11309: 11309 1
11312: 11312 1
11313: 11313 1
11314: 11314 1
11315: 11315 1
11316: 11316 1
11317: 11317 2
1132: 1132 3
11320: 11320 1
11321: 11321 1
11323: 11323 2
11327: 11327 1
11328: 11328 1
11329: 11329 1
11331: 11331 1
11333: 11333 0
11334: 11334 0
11335: 11335 1
11336: 11336 1
11337: 11337 1
11338: 11338 1
11339: 11339 1
11340: 11340 0
11341: 11341 1
11342: 11342 0
1136: 1136 4
1141: 1141 5
1147: 1147 6
1154: 1154 5
1160: 1160 6
1167: 1167 4
1174: 1174 1
1175: 1175 6
1182: 1182 6
1189: 1189 4
1194: 1194 4
1199: 1199 2
1206: 1206 4
1211: 1211 6
1218: 1218 3
1222: 1222 2
1227: 1227 5
1233: 1233 6
1240: 1240 3
1244: 1244 4
1249: 1249 6
1256: 1256 6
1263: 1263 6
1270: 1270 6
1277: 1277 6
1284: 1284 2
1287: 1287 2
1290: 1290 2
1293: 1293 2
1296: 1296 2
1299: 1299 2
1302: 1302 2
1305: 1305 2
1308: 1308 2
1311: 1311 2
1314: 1314 2
1317: 1317 2
1320: 1320 2
1323: 1323 2
1326: 1326 2
1329: 1329 2
1332: 1332 2
1335: 1335 2
1338: 1338 2
1341: 1341 2
1344: 1344 2
1347: 1347 2
1350: 1350 2
1353: 1353 2
1356: 1356 2
1359: 1359 2
1362: 1362 2
1365: 1365 2
1368: 1368 2
1371: 1371 2
1374: 1374 2
1377: 1377 2
1380: 1380 2
1383: 1383 2
1386: 1386 2
1389: 1389 2
1392: 1392 2
1395: 1395 2
1398: 1398 2
1401: 1401 2
1404: 1404 2
1407: 1407 2
1410: 1410 2
1413: 1413 2
1416: 1416 2
1419: 1419 2
1422: 1422 2
1425: 1425 2
1428: 1428 2
1431: 1431 2
1434: 1434 2
1437: 1437 2
1440: 1440 2
1443: 1443 2
1446: 1446 2
1449: 1449 2
1452: 1452 2
1455: 1455 2
1458: 1458 2
1461: 1461 2
1464: 1464 2
1467: 1467 2
1470: 1470 2
1473: 1473 2
1476: 1476 2
1479: 1479 2
1482: 1482 2
1485: 1485 2
1489: 1489 0
1490: 1490 0
1537: 1537 5
1551: 1551 2
1649: 1649 1
1703: 1703 2
1708: 1708 2
1713: 1713 2
1721: 1721 2
1758: 1758 2
1781: 1781 0
1782: 1782 1
1783: 1783 5
1789: 1789 3
1793: 1793 1
1794: 1794 1
1795: 1795 1
1796: 1796 1
1797: 1797 1
1798: 1798 1
1799: 1799 5
1805: 1805 5
1811: 1811 1
1812: 1812 1
1813: 1813 1
1814: 1814 1
1815: 1815 1
1816: 1816 1
1817: 1817 1
1818: 1818 1
1819: 1819 1
1820: 1820 1
1821: 1821 1
1822: 1822 1
1828: 1828 1
1829: 1829 1
1830: 1830 1
1832: 1832 1
1833: 1833 1
1834: 1834 1
1835: 1835 1
1839: 1839 1
1840: 1840 1
1841: 1841 1
1842: 1842 1
1843: 1843 1
1845: 1845 5
1851: 1851 5
1857: 1857 1
1858: 1858 1
1859: 1859 1
1860: 1860 1
1861: 1861 1
1862: 1862 1
1863: 1863 1
1864: 1864 1
1865: 1865 1
1866: 1866 1
1867: 1867 1
1868: 1868 1
1869: 1869 1
1870: 1870 1
1871: 1871 1
1872: 1872 1
1873: 1873 1
1874: 1874 1
1875: 1875 1
1876: 1876 1
1877: 1877 1
1878: 1878 1
1879: 1879 1
1880: 1880 1
1881: 1881 1
1882: 1882 1
1883: 1883 1
1884: 1884 1
1885: 1885 6
1892: 1892 6
1899: 1899 6
1906: 1906 6
1913: 1913 5
1919: 1919 6
1926: 1926 1
1927: 1927 1
1928: 1928 1
1929: 1929 1
1930: 1930 1
1931: 1931 1
1932: 1932 1
1933: 1933 1
1934: 1934 1
1935: 1935 1
1936: 1936 1
1937: 1937 1
1938: 1938 1
1939: 1939 1
1940: 1940 1
1941: 1941 1
1942: 1942 1
1943: 1943 1
1944: 1944 1
1945: 1945 1
1946: 1946 1
1947: 1947 5
1953: 1953 3
1957: 1957 1
1958: 1958 1
1959: 1959 1
1960: 1960 1
1961: 1961 1
1962: 1962 1
1963: 1963 1
1965: 1965 1
1966: 1966 1
1967: 1967 1
1968: 1968 1
1969: 1969 1
1970: 1970 1
1971: 1971 1
1972: 1972 1
1973: 1973 1
1974: 1974 1
1975: 1975 1
1976: 1976 1
1977: 1977 5
1983: 1983 5
1989: 1989 1
1990: 1990 1
1991: 1991 1
1992: 1992 1
1993: 1993 1
1994: 1994 1
1995: 1995 1
1996: 1996 1
1997: 1997 5
2003: 2003 6
2010: 2010 1
2011: 2011 1
2012: 2012 1
2013: 2013 1
2014: 2014 1
2015: 2015 1
2016: 2016 1
2017: 2017 1
2018: 2018 1
2019: 2019 1
2020: 2020 1
2021: 2021 1
2022: 2022 1
2023: 2023 1
2024: 2024 6
2031: 2031 6
2038: 2038 6
2045: 2045 6
2052: 2052 5
2058: 2058 5
2064: 2064 1
2065: 2065 1
2066: 2066 1
2067: 2067 1
2068: 2068 1
2069: 2069 1
2070: 2070 1
2071: 2071 1
2072: 2072 1
2073: 2073 1
2074: 2074 2
2081: 2081 2
2086: 2086 2
2107: 2107 1
2108: 2108 1
2110: 2110 1
2111: 2111 1
2112: 2112 1
2113: 2113 1
2114: 2114 1
2115: 2115 1
2117: 2117 1
2171: 2171 1
2172: 2172 1
2230: 2230 1
2231: 2231 2
2235: 2235 2
2239: 2239 1
2240: 2240 1
2241: 2241 1
2242: 2242 1
2243: 2243 1
2244: 2244 1
2245: 2245 1
2246: 2246 1
2247: 2247 1
2248: 2248 1
2249: 2249 1
2250: 2250 1
2251: 2251 1
2252: 2252 1
2253: 2253 1
2254: 2254 1
2255: 2255 1
2256: 2256 1
2257: 2257 9
2267: 2267 1
2268: 2268 1
2269: 2269 4
2274: 2274 1
2275: 2275 1
2277: 2277 1
2278: 2278 1
2279: 2279 1
2280: 2280 1
2281: 2281 1
2282: 2282 1
2283: 2283 1
2284: 2284 1
2285: 2285 1
2286: 2286 1
2287: 2287 5
2293: 2293 5
2299: 2299 1
2300: 2300 1
2301: 2301 1
2302: 2302 1
2303: 2303 1
2304: 2304 1
2305: 2305 1
2306: 2306 1
2307: 2307 1
2308: 2308 1
2309: 2309 5
2315: 2315 5
2321: 2321 1
2322: 2322 1
2323: 2323 1
2324: 2324 1
2325: 2325 1
2326: 2326 1
2327: 2327 1
2328: 2328 1
2329: 2329 1
2330: 2330 1
2331: 2331 5
2337: 2337 1
2338: 2338 1
2339: 2339 1
2340: 2340 1
2341: 2341 1
2342: 2342 1
2343: 2343 1
2344: 2344 1
2345: 2345 1
2346: 2346 1
2347: 2347 1
2348: 2348 1
2349: 2349 1
2350: 2350 1
2351: 2351 1
2352: 2352 1
2353: 2353 1
2354: 2354 1
2355: 2355 1
2356: 2356 1
2357: 2357 1
2358: 2358 1
2359: 2359 1
2360: 2360 1
2361: 2361 1
2362: 2362 1
2363: 2363 1
2364: 2364 1
2365: 2365 1
2366: 2366 1
2367: 2367 1
2368: 2368 5
2374: 2374 1
2375: 2375 1
2376: 2376 1
2377: 2377 1
2378: 2378 1
2379: 2379 1
2380: 2380 1
2381: 2381 1
2382: 2382 1
2383: 2383 1
2384: 2384 5
2390: 2390 5
2396: 2396 1
2397: 2397 1
2398: 2398 1
2399: 2399 1
2400: 2400 1
2401: 2401 1
2402: 2402 1
2403: 2403 1
2404: 2404 1
2405: 2405 1
2406: 2406 5
2412: 2412 5
2418: 2418 1
2419: 2419 1
2420: 2420 1
2421: 2421 1
2422: 2422 1
2423: 2423 1
2424: 2424 1
2425: 2425 1
2426: 2426 1
2427: 2427 1
2428: 2428 1
2429: 2429 1
2430: 2430 1
2431: 2431 1
2432: 2432 1
2433: 2433 1
2434: 2434 1
2435: 2435 1
2436: 2436 1
2437: 2437 1
2441: 2441 1
2442: 2442 3
2446: 2446 3
2450: 2450 3
2454: 2454 3
2458: 2458 3
2462: 2462 3
2466: 2466 3
2470: 2470 3
2474: 2474 3
2478: 2478 3
2482: 2482 5
2488: 2488 7
2496: 2496 5
2502: 2502 5
2508: 2508 5
2523: 2523 5
2533: 2533 3
2537: 2537 1
2538: 2538 3
2542: 2542 3
2546: 2546 3
2550: 2550 3
2554: 2554 6
2561: 2561 5
2567: 2567 5
2573: 2573 5
2604: 2604 2
2607: 2607 3
2611: 2611 3
2615: 2615 3
2619: 2619 6
2626: 2626 5
2632: 2632 5
2638: 2638 5
2644: 2644 5
2650: 2650 2
2653: 2653 1
2654: 2654 3
2658: 2658 3
2662: 2662 3
2666: 2666 3
2670: 2670 3
2674: 2674 5
2680: 2680 2
2688: 2688 3
2692: 2692 3
2696: 2696 3
2700: 2700 3
2704: 2704 3
2728: 2728 1
2729: 2729 3
2733: 2733 3
2737: 2737 3
2741: 2741 3
2745: 2745 3
2749: 2749 3
2753: 2753 3
2757: 2757 3
2761: 2761 3
2765: 2765 1
2766: 2766 2
2769: 2769 2
2772: 2772 2
2775: 2775 2
2778: 2778 2
2781: 2781 2
2784: 2784 2
2787: 2787 2
2790: 2790 2
2793: 2793 2
2796: 2796 2
2866: 2866 1
2867: 2867 1
2868: 2868 1
2869: 2869 1
2878: 2878 1
2913: 2913 1
2914: 2914 1
2915: 2915 1
2916: 2916 1
2917: 2917 1
2918: 2918 1
2919: 2919 1
2920: 2920 1
2921: 2921 1
2922: 2922 1
2923: 2923 1
2924: 2924 1
2925: 2925 1
2926: 2926 1
2927: 2927 1
2928: 2928 1
2929: 2929 1
2930: 2930 1
2931: 2931 1
2932: 2932 1
2933: 2933 1
2934: 2934 1
2935: 2935 1
2936: 2936 1
2937: 2937 1
2988: 2988 1
3005: 3005 1
3006: 3006 1
3007: 3007 1
3008: 3008 1
3009: 3009 1
3020: 3020 1
3021: 3021 1
3022: 3022 1
3023: 3023 1
3024: 3024 1
3025: 3025 1
3026: 3026 1
3027: 3027 1
3028: 3028 1
3029: 3029 1
3032: 3032 1
3033: 3033 1
3034: 3034 1
3035: 3035 1
3036: 3036 1
3037: 3037 1
3038: 3038 1
3039: 3039 1
3040: 3040 1
3041: 3041 1
3061: 3061 2
3064: 3064 2
3067: 3067 2
3070: 3070 2
3073: 3073 2
3080: 3080 2
3096: 3096 1
3097: 3097 3
3101: 3101 5
3107: 3107 6
3114: 3114 7
3122: 3122 3
3126: 3126 3
3130: 3130 1
3131: 3131 2
3134: 3134 1
3135: 3135 1
3136: 3136 1
3137: 3137 2
3140: 3140 3
3144: 3144 4
3149: 3149 5
3155: 3155 3
3159: 3159 3
3167: 3167 1
3168: 3168 1
3169: 3169 3
3173: 3173 4
3178: 3178 5
3184: 3184 1
3185: 3185 3
3189: 3189 5
3195: 3195 6
3202: 3202 7
3210: 3210 1
3211: 3211 3
3215: 3215 5
3221: 3221 6
3228: 3228 1
3229: 3229 2
3232: 3232 3
3236: 3236 4
3241: 3241 5
3247: 3247 3
3251: 3251 3
3255: 3255 3
3259: 3259 3
3263: 3263 3
3267: 3267 5
3273: 3273 7
3281: 3281 5
3287: 3287 5
3293: 3293 5
3299: 3299 3
3303: 3303 3
3307: 3307 3
3311: 3311 3
3315: 3315 6
3322: 3322 5
3328: 3328 5
3334: 3334 5
3340: 3340 2
3343: 3343 5
3349: 3349 5
3355: 3355 5
3361: 3361 1
3362: 3362 1
3363: 3363 1
3364: 3364 1
3365: 3365 1
3366: 3366 1
3367: 3367 1
3368: 3368 1
3369: 3369 1
3370: 3370 1
3371: 3371 1
3372: 3372 1
3373: 3373 1
3374: 3374 1
3375: 3375 3
3379: 3379 1
3380: 3380 1
3381: 3381 2
3384: 3384 5
3390: 3390 7
3398: 3398 5
3404: 3404 5
3410: 3410 5
3416: 3416 3
3420: 3420 3
3424: 3424 3
3428: 3428 3
3432: 3432 3
3436: 3436 3
3440: 3440 3
3444: 3444 3
3448: 3448 3
3452: 3452 1
3453: 3453 1
3454: 3454 3
3458: 3458 3
3462: 3462 3
3466: 3466 3
3470: 3470 3
3474: 3474 3
3478: 3478 3
3482: 3482 3
3486: 3486 1
3487: 3487 2
3490: 3490 2
3493: 3493 2
3496: 3496 2
3499: 3499 2
3502: 3502 2
3507: 3507 2
3510: 3510 2
3515: 3515 2
3518: 3518 2
3521: 3521 2
3524: 3524 2
3527: 3527 2
3530: 3530 2
3535: 3535 2
3539: 3539 2
3542: 3542 2
3545: 3545 2
3548: 3548 2
3551: 3551 1
3552: 3552 1
3553: 3553 2
3557: 3557 2
3560: 3560 2
3563: 3563 2
3566: 3566 2
3569: 3569 1
3570: 3570 1
3571: 3571 2
3574: 3574 2
3577: 3577 2
3580: 3580 2
3583: 3583 2
3586: 3586 2
3589: 3589 2
3592: 3592 2
3595: 3595 2
3598: 3598 2
3601: 3601 2
3604: 3604 2
3607: 3607 2
3610: 3610 2
3613: 3613 2
3616: 3616 2
3619: 3619 2
3622: 3622 2
3625: 3625 2
3628: 3628 2
3631: 3631 2
3634: 3634 2
3637: 3637 2
3640: 3640 2
3643: 3643 2
3646: 3646 2
3649: 3649 2
3652: 3652 2
3655: 3655 2
3658: 3658 2
3661: 3661 2
3664: 3664 2
3667: 3667 2
3670: 3670 2
3673: 3673 2
3676: 3676 2
3679: 3679 2
3682: 3682 2
3685: 3685 2
3688: 3688 2
3691: 3691 2
3694: 3694 2
3697: 3697 2
3700: 3700 2
3703: 3703 2
3706: 3706 2
3709: 3709 2
3712: 3712 2
3715: 3715 2
3718: 3718 2
3721: 3721 2
3724: 3724 2
3727: 3727 2
3730: 3730 2
3733: 3733 2
3736: 3736 2
3739: 3739 2
3742: 3742 2
3745: 3745 2
3748: 3748 2
3751: 3751 2
3754: 3754 2
3757: 3757 2
3760: 3760 2
3763: 3763 2
3766: 3766 2
3769: 3769 2
3772: 3772 2
3775: 3775 2
3778: 3778 2
3781: 3781 1
3782: 3782 1
3783: 3783 2
3786: 3786 2
3789: 3789 2
3792: 3792 2
3795: 3795 2
3798: 3798 2
3801: 3801 2
3804: 3804 2
3807: 3807 2
3810: 3810 2
3813: 3813 2
3816: 3816 2
3819: 3819 2
3822: 3822 2
3825: 3825 2
3828: 3828 2
3831: 3831 2
3834: 3834 2
3837: 3837 2
3840: 3840 2
3843: 3843 2
3846: 3846 2
3849: 3849 2
3852: 3852 2
3855: 3855 2
3858: 3858 2
3861: 3861 2
3864: 3864 2
3867: 3867 2
387: 387 0
3870: 3870 2
3873: 3873 2
3876: 3876 2
3879: 3879 2
388: 388 0
3882: 3882 2
3885: 3885 2
3888: 3888 2
3891: 3891 2
3953: 3953 1
3954: 3954 1
3955: 3955 1
3956: 3956 1
3958: 3958 1
3964: 3964 1
4193: 4193 3
4303: 4303 2
4308: 4308 1
4313: 4313 1
4326: 4326 1
4327: 4327 1
4333: 4333 1
4334: 4334 1
4411: 4411 1
4412: 4412 1
4463: 4463 1
4464: 4464 1
4465: 4465 1
4466: 4466 1
4467: 4467 1
4468: 4468 1
4469: 4469 1
4470: 4470 1
4471: 4471 1
4472: 4472 1
4473: 4473 1
4474: 4474 1
4475: 4475 1
4476: 4476 1
4477: 4477 1
4478: 4478 1
4479: 4479 1
4480: 4480 1
4481: 4481 1
4482: 4482 1
4483: 4483 1
4484: 4484 1
4485: 4485 1
4486: 4486 1
4487: 4487 1
4488: 4488 1
4489: 4489 1
4490: 4490 1
4491: 4491 1
4492: 4492 1
4493: 4493 1
4494: 4494 1
4495: 4495 1
4496: 4496 1
4497: 4497 1
4498: 4498 1
4499: 4499 1
4500: 4500 1
4501: 4501 1
4502: 4502 1
4503: 4503 1
4504: 4504 1
4505: 4505 1
4506: 4506 1
4507: 4507 1
4508: 4508 1
4509: 4509 1
4510: 4510 1
4511: 4511 1
4512: 4512 1
4513: 4513 1
4514: 4514 1
4515: 4515 1
4516: 4516 1
4517: 4517 1
4518: 4518 1
4519: 4519 1
4520: 4520 1
4521: 4521 1
4522: 4522 1
4523: 4523 1
4524: 4524 1
4525: 4525 1
4526: 4526 1
4527: 4527 1
4528: 4528 1
4529: 4529 1
4530: 4530 1
4531: 4531 1
4532: 4532 1
4533: 4533 1
4534: 4534 1
4535: 4535 1
4536: 4536 1
4537: 4537 1
4538: 4538 1
4539: 4539 1
4540: 4540 1
4541: 4541 1
4542: 4542 1
4543: 4543 1
4544: 4544 1
4545: 4545 3
4549: 4549 5
4555: 4555 6
4562: 4562 1
4563: 4563 2
4566: 4566 3
4570: 4570 4
4575: 4575 1
4576: 4576 1
4577: 4577 3
4581: 4581 4
4586: 4586 5
4592: 4592 1
4593: 4593 3
4597: 4597 5
4603: 4603 6
4610: 4610 1
4611: 4611 1
4612: 4612 1
4613: 4613 1
4614: 4614 1
4615: 4615 1
4616: 4616 1
4617: 4617 1
4618: 4618 1
4619: 4619 1
4620: 4620 1
4621: 4621 1
4622: 4622 1
4623: 4623 1
4624: 4624 1
4625: 4625 1
4626: 4626 1
4627: 4627 1
4628: 4628 1
4629: 4629 1
4630: 4630 1
4631: 4631 1
4632: 4632 1
4633: 4633 1
4634: 4634 1
4635: 4635 1
4636: 4636 1
4637: 4637 1
4638: 4638 1
4639: 4639 1
4640: 4640 1
4641: 4641 1
4642: 4642 1
4643: 4643 1
4644: 4644 1
4645: 4645 1
4646: 4646 1
4647: 4647 1
4648: 4648 1
4649: 4649 1
4650: 4650 1
4651: 4651 1
4652: 4652 1
4653: 4653 1
4656: 4656 1
4657: 4657 3
4661: 4661 5
4667: 4667 6
467: 467 1
4674: 4674 1
4675: 4675 2
4678: 4678 3
4682: 4682 4
4687: 4687 5
469: 469 2
4693: 4693 1
4694: 4694 1
4695: 4695 1
4696: 4696 1
4697: 4697 1
4698: 4698 1
4699: 4699 1
4700: 4700 1
4701: 4701 1
4702: 4702 3
4706: 4706 4
4711: 4711 5
4717: 4717 1
4718: 4718 3
4722: 4722 5
4728: 4728 6
4735: 4735 7
4743: 4743 1
4744: 4744 1
4745: 4745 1
4746: 4746 1
4747: 4747 1
4748: 4748 1
4749: 4749 1
4750: 4750 1
4751: 4751 1
4752: 4752 1
4753: 4753 1
4754: 4754 1
4755: 4755 1
4756: 4756 1
4757: 4757 1
4758: 4758 1
4759: 4759 1
4760: 4760 1
4761: 4761 1
4762: 4762 1
4763: 4763 1
4764: 4764 1
4765: 4765 1
4766: 4766 1
4767: 4767 1
4768: 4768 1
4769: 4769 5
4775: 4775 1
4776: 4776 1
4777: 4777 1
4778: 4778 1
4779: 4779 1
478: 478 0
4780: 4780 1
4781: 4781 1
4782: 4782 1
4783: 4783 1
4784: 4784 2
4789: 4789 1
4790: 4790 2
4793: 4793 1
4794: 4794 1
4795: 4795 1
4796: 4796 2
4799: 4799 1
4800: 4800 1
4801: 4801 1
4802: 4802 1
4803: 4803 2
4806: 4806 2
4809: 4809 1
4810: 4810 2
4813: 4813 1
4814: 4814 2
4817: 4817 2
482: 482 0
4820: 4820 2
4823: 4823 2
4826: 4826 2
4829: 4829 2
4832: 4832 2
4835: 4835 2
4838: 4838 2
484: 484 0
4841: 4841 2
4844: 4844 2
4847: 4847 2
4850: 4850 2
4853: 4853 2
4856: 4856 2
4859: 4859 2
486: 486 0
4862: 4862 2
4865: 4865 2
4868: 4868 2
4871: 4871 2
4874: 4874 2
4877: 4877 2
4880: 4880 2
4883: 4883 2
4886: 4886 2
4889: 4889 2
489: 489 0
4892: 4892 2
4895: 4895 2
4898: 4898 2
4901: 4901 2
4904: 4904 2
4907: 4907 2
4910: 4910 2
4913: 4913 2
4916: 4916 2
4919: 4919 2
492: 492 0
4922: 4922 2
4925: 4925 2
4928: 4928 2
4931: 4931 2
4934: 4934 2
4937: 4937 2
494: 494 2
4940: 4940 2
4943: 4943 2
4946: 4946 2
4949: 4949 2
4952: 4952 2
4955: 4955 2
4958: 4958 2
4961: 4961 2
4964: 4964 2
4967: 4967 2
4970: 4970 2
4973: 4973 2
4976: 4976 2
4979: 4979 2
4982: 4982 2
4985: 4985 2
4988: 4988 2
4991: 4991 2
4994: 4994 2
4997: 4997 2
5000: 5000 2
5003: 5003 2
5006: 5006 2
5009: 5009 2
501: 501 0
5012: 5012 2
5015: 5015 2
5018: 5018 2
5021: 5021 2
5024: 5024 2
5027: 5027 2
5030: 5030 2
5033: 5033 2
5036: 5036 2
5039: 5039 2
5042: 5042 2
5045: 5045 1
5046: 5046 1
5047: 5047 1
5048: 5048 1
5049: 5049 2
505: 505 0
5052: 5052 2
5055: 5055 2
5058: 5058 2
5061: 5061 2
5064: 5064 1
5065: 5065 1
5066: 5066 1
5067: 5067 1
5068: 5068 2
507: 507 0
5071: 5071 2
5074: 5074 2
5077: 5077 2
5080: 5080 2
5083: 5083 2
5086: 5086 2
5089: 5089 2
509: 509 0
5092: 5092 2
5095: 5095 2
5098: 5098 2
5101: 5101 2
5104: 5104 2
5107: 5107 2
511: 511 0
5110: 5110 1
5111: 5111 1
5112: 5112 1
5113: 5113 1
5114: 5114 2
5117: 5117 2
5120: 5120 2
5123: 5123 2
5126: 5126 2
5129: 5129 2
513: 513 0
5132: 5132 2
5135: 5135 2
5138: 5138 2
5141: 5141 2
5144: 5144 2
5147: 5147 2
515: 515 0
5150: 5150 2
5153: 5153 2
5156: 5156 2
5159: 5159 2
5162: 5162 2
5165: 5165 1
5166: 5166 1
5167: 5167 1
5168: 5168 1
5169: 5169 1
517: 517 0
5170: 5170 1
5171: 5171 1
5172: 5172 1
5173: 5173 1
5174: 5174 1
5175: 5175 1
5176: 5176 1
5177: 5177 1
5178: 5178 1
5179: 5179 1
5180: 5180 1
5181: 5181 1
5182: 5182 1
5183: 5183 1
5184: 5184 1
5185: 5185 1
5186: 5186 1
5187: 5187 1
5188: 5188 1
5189: 5189 1
519: 519 0
5190: 5190 1
5191: 5191 1
5192: 5192 1
5193: 5193 1
5196: 5196 1
5197: 5197 1
5198: 5198 1
5199: 5199 1
5200: 5200 1
5201: 5201 1
5202: 5202 1
5203: 5203 1
5204: 5204 1
5205: 5205 1
5206: 5206 1
5207: 5207 1
5208: 5208 1
5209: 5209 1
5210: 5210 1
5211: 5211 1
5212: 5212 1
5213: 5213 1
528: 528 2
5283: 5283 1
5284: 5284 1
5285: 5285 1
5286: 5286 1
5287: 5287 1
5288: 5288 1
5289: 5289 1
5290: 5290 1
5291: 5291 1
5292: 5292 1
5293: 5293 1
5294: 5294 1
5295: 5295 1
5296: 5296 1
5297: 5297 1
5298: 5298 1
5299: 5299 1
5300: 5300 1
5314: 5314 1
5315: 5315 1
5316: 5316 1
5317: 5317 1
5318: 5318 1
5319: 5319 1
5320: 5320 1
5321: 5321 1
5322: 5322 1
5323: 5323 1
5324: 5324 1
535: 535 0
5363: 5363 1
5364: 5364 1
5365: 5365 1
5366: 5366 1
5367: 5367 1
537: 537 0
539: 539 0
541: 541 0
5425: 5425 1
5426: 5426 1
5427: 5427 1
5429: 5429 1
543: 543 0
5430: 5430 1
5431: 5431 1
5432: 5432 1
5433: 5433 1
545: 545 0
5451: 5451 1
5452: 5452 1
5453: 5453 1
5454: 5454 1
5455: 5455 1
5456: 5456 1
5457: 5457 1
5469: 5469 1
547: 547 0
5474: 5474 1
5475: 5475 1
5476: 5476 1
5477: 5477 1
549: 549 0
551: 551 0
553: 553 0
556: 556 0
5571: 5571 1
5572: 5572 1
5573: 5573 1
5574: 5574 1
5584: 5584 1
5585: 5585 1
5586: 5586 1
5587: 5587 1
559: 559 0
5602: 5602 1
5603: 5603 1
5604: 5604 1
5605: 5605 1
561: 561 0
563: 563 0
5631: 5631 1
5632: 5632 7
5640: 5640 13
565: 565 0
5654: 5654 15
567: 567 0
5670: 5670 12
5683: 5683 6
569: 569 0
5690: 5690 6
5697: 5697 9
5707: 5707 10
571: 571 0
5718: 5718 9
5728: 5728 6
573: 573 0
5735: 5735 1
5736: 5736 3
5740: 5740 3
5744: 5744 2
5747: 5747 3
575: 575 2
5751: 5751 3
5755: 5755 2
5758: 5758 3
5762: 5762 3
5766: 5766 2
5769: 5769 1
5770: 5770 1
5771: 5771 6
5778: 5778 10
578: 578 2
5789: 5789 9
5799: 5799 7
5807: 5807 13
582: 582 0
5821: 5821 15
5837: 5837 12
585: 585 1
5850: 5850 5
5856: 5856 6
5863: 5863 6
5870: 5870 10
5881: 5881 10
5892: 5892 5
5898: 5898 6
590: 590 2
5905: 5905 9
5915: 5915 10
5926: 5926 9
593: 593 2
5936: 5936 6
5943: 5943 1
5944: 5944 1
5945: 5945 1
5946: 5946 1
5947: 5947 1
5948: 5948 1
5949: 5949 1
5950: 5950 1
5951: 5951 1
5952: 5952 1
5953: 5953 1
5954: 5954 1
5955: 5955 1
5956: 5956 1
5957: 5957 1
5958: 5958 1
5959: 5959 1
596: 596 2
5960: 5960 5
5966: 5966 1
5967: 5967 1
5968: 5968 1
5969: 5969 1
5970: 5970 1
5971: 5971 1
5972: 5972 1
5973: 5973 1
5974: 5974 1
5975: 5975 1
5976: 5976 1
5977: 5977 1
5978: 5978 1
5979: 5979 1
5980: 5980 1
5981: 5981 7
5989: 5989 1
599: 599 4
5990: 5990 1
5991: 5991 4
5996: 5996 3
6000: 6000 2
6003: 6003 5
6009: 6009 4
6014: 6014 3
6018: 6018 2
6021: 6021 1
6022: 6022 1
6023: 6023 1
6024: 6024 1
6025: 6025 1
6026: 6026 1
6027: 6027 1
6028: 6028 1
6029: 6029 1
6030: 6030 1
6031: 6031 1
6032: 6032 1
6033: 6033 1
6034: 6034 1
6035: 6035 1
6036: 6036 1
6037: 6037 1
6038: 6038 1
6039: 6039 1
604: 604 4
6040: 6040 1
6041: 6041 5
6047: 6047 4
6052: 6052 3
6056: 6056 2
6059: 6059 1
6060: 6060 1
6061: 6061 1
6062: 6062 1
6063: 6063 1
6064: 6064 1
6065: 6065 1
6066: 6066 1
6067: 6067 1
6068: 6068 1
6069: 6069 1
6070: 6070 1
6071: 6071 1
6072: 6072 1
6073: 6073 1
6074: 6074 1
6075: 6075 1
6076: 6076 1
6077: 6077 1
6078: 6078 1
6079: 6079 3
6083: 6083 3
6087: 6087 2
609: 609 4
6090: 6090 1
6091: 6091 1
6092: 6092 1
6093: 6093 1
6094: 6094 1
6095: 6095 1
6096: 6096 1
6097: 6097 1
6098: 6098 1
6099: 6099 1
6100: 6100 1
6101: 6101 1
6102: 6102 1
6103: 6103 1
6104: 6104 1
6105: 6105 1
6106: 6106 1
6107: 6107 1
6108: 6108 1
6109: 6109 1
6110: 6110 1
6111: 6111 1
6112: 6112 1
6113: 6113 1
6114: 6114 1
6115: 6115 1
6116: 6116 1
6117: 6117 1
6118: 6118 1
6119: 6119 1
6120: 6120 1
6121: 6121 1
6122: 6122 1
6123: 6123 1
6124: 6124 1
6125: 6125 1
6126: 6126 1
6127: 6127 3
6131: 6131 3
6135: 6135 1
6136: 6136 1
6137: 6137 3
614: 614 10
6141: 6141 3
6145: 6145 2
6148: 6148 1
6149: 6149 1
6150: 6150 1
6151: 6151 1
6152: 6152 1
6153: 6153 1
6154: 6154 1
6155: 6155 1
6156: 6156 1
6157: 6157 1
6158: 6158 1
6159: 6159 1
6160: 6160 1
6161: 6161 1
6162: 6162 1
6163: 6163 1
6164: 6164 1
6165: 6165 1
6166: 6166 3
6170: 6170 3
6174: 6174 2
6177: 6177 3
6181: 6181 1
6182: 6182 1
6183: 6183 1
6184: 6184 1
6185: 6185 1
6186: 6186 1
6187: 6187 1
6188: 6188 1
6189: 6189 1
6190: 6190 1
6191: 6191 1
6192: 6192 1
6193: 6193 1
6194: 6194 1
6195: 6195 1
6196: 6196 2
6199: 6199 2
6202: 6202 1
6203: 6203 1
6204: 6204 2
6207: 6207 2
6210: 6210 2
6213: 6213 1
6214: 6214 2
6217: 6217 2
6220: 6220 2
6223: 6223 1
6224: 6224 1
6225: 6225 1
6226: 6226 1
6227: 6227 1
6228: 6228 1
6229: 6229 1
6230: 6230 1
6231: 6231 1
6232: 6232 2
6235: 6235 1
6236: 6236 2
6239: 6239 1
6240: 6240 1
6241: 6241 1
6242: 6242 1
6243: 6243 2
6246: 6246 2
6249: 6249 2
625: 625 2
6252: 6252 2
6255: 6255 1
6256: 6256 1
6257: 6257 1
6258: 6258 1
6259: 6259 1
6260: 6260 1
6261: 6261 1
6262: 6262 1
6263: 6263 2
6266: 6266 2
628: 628 3
632: 632 3
636: 636 4
641: 641 1
642: 642 1
643: 643 0
644: 644 6
651: 651 5
6540: 6540 1
6541: 6541 1
6542: 6542 1
6543: 6543 1
6544: 6544 1
6545: 6545 1
6546: 6546 1
6547: 6547 1
6555: 6555 1
6556: 6556 1
6557: 6557 1
6558: 6558 1
6559: 6559 1
6560: 6560 1
6561: 6561 1
6569: 6569 1
657: 657 2
6594: 6594 1
6595: 6595 1
6596: 6596 1
6597: 6597 1
6598: 6598 1
6599: 6599 1
660: 660 5
6600: 6600 1
6601: 6601 1
6602: 6602 1
6603: 6603 1
6604: 6604 1
6605: 6605 1
6606: 6606 1
6621: 6621 1
6622: 6622 1
6623: 6623 1
6624: 6624 1
6625: 6625 1
6626: 6626 1
6627: 6627 1
6628: 6628 1
6629: 6629 1
6639: 6639 1
6640: 6640 1
6641: 6641 1
6642: 6642 1
6643: 6643 1
6644: 6644 1
6645: 6645 1
6646: 6646 1
6647: 6647 1
6648: 6648 1
6649: 6649 1
6650: 6650 1
6651: 6651 1
6652: 6652 1
6653: 6653 1
6654: 6654 1
6655: 6655 1
6656: 6656 1
6657: 6657 1
6658: 6658 1
6659: 6659 1
666: 666 5
6660: 6660 1
6661: 6661 1
6668: 6668 1
6677: 6677 1
6678: 6678 1
6679: 6679 1
6680: 6680 1
6681: 6681 1
6682: 6682 1
6683: 6683 1
6684: 6684 1
6685: 6685 1
6686: 6686 1
6687: 6687 1
6688: 6688 1
6689: 6689 1
6690: 6690 1
6702: 6702 1
6703: 6703 1
6704: 6704 1
6705: 6705 1
6706: 6706 1
6707: 6707 1
6708: 6708 1
6709: 6709 1
6710: 6710 1
6711: 6711 1
6712: 6712 1
672: 672 1
6729: 6729 1
673: 673 1
6730: 6730 1
6731: 6731 1
6732: 6732 1
6733: 6733 1
6734: 6734 1
6735: 6735 1
6736: 6736 1
674: 674 1
6741: 6741 1
6742: 6742 1
6743: 6743 1
6744: 6744 1
6751: 6751 1
6752: 6752 1
6753: 6753 1
6754: 6754 1
6755: 6755 1
6756: 6756 1
6757: 6757 1
6758: 6758 1
676: 676 5
6761: 6761 1
6762: 6762 3
6766: 6766 1
6767: 6767 1
6768: 6768 1
6769: 6769 1
6770: 6770 1
6771: 6771 1
6772: 6772 1
6773: 6773 1
6774: 6774 1
6775: 6775 1
6776: 6776 1
6777: 6777 1
6778: 6778 1
6779: 6779 1
6780: 6780 1
6781: 6781 1
6782: 6782 1
6783: 6783 1
6784: 6784 2
6787: 6787 1
6788: 6788 1
6789: 6789 1
6790: 6790 1
6791: 6791 1
6792: 6792 1
6793: 6793 1
6794: 6794 1
6795: 6795 1
6796: 6796 1
6797: 6797 2
6800: 6800 2
6803: 6803 2
6806: 6806 2
6809: 6809 2
6812: 6812 2
6815: 6815 2
6818: 6818 2
682: 682 5
6821: 6821 2
6824: 6824 2
6827: 6827 2
6830: 6830 2
6833: 6833 2
6836: 6836 1
6837: 6837 1
6838: 6838 1
6839: 6839 1
6840: 6840 1
6841: 6841 1
6842: 6842 1
6843: 6843 1
6844: 6844 1
6845: 6845 2
6848: 6848 1
6849: 6849 1
6850: 6850 1
6851: 6851 1
6852: 6852 1
6853: 6853 1
6854: 6854 1
6855: 6855 1
6856: 6856 1
6857: 6857 1
6858: 6858 1
6859: 6859 1
6860: 6860 1
6861: 6861 1
6862: 6862 1
6863: 6863 1
6864: 6864 1
6865: 6865 1
6866: 6866 1
6867: 6867 2
6870: 6870 1
6871: 6871 1
6872: 6872 1
6873: 6873 1
6874: 6874 1
6875: 6875 1
6876: 6876 1
6877: 6877 1
6878: 6878 1
6879: 6879 1
688: 688 1
6880: 6880 1
6881: 6881 2
6884: 6884 1
6885: 6885 1
6886: 6886 1
6887: 6887 1
6888: 6888 1
6889: 6889 1
689: 689 5
6890: 6890 1
6891: 6891 1
6892: 6892 1
6893: 6893 1
6894: 6894 6
6901: 6901 10
6912: 6912 10
6923: 6923 5
6929: 6929 6
6936: 6936 9
6946: 6946 10
695: 695 4
6957: 6957 9
6967: 6967 1
6968: 6968 1
6969: 6969 1
6970: 6970 6
6977: 6977 10
6988: 6988 9
6998: 6998 7
700: 700 4
7006: 7006 13
7020: 7020 15
7036: 7036 12
7049: 7049 5
705: 705 1
7055: 7055 1
7056: 7056 1
7057: 7057 2
706: 706 1
7060: 7060 1
7061: 7061 1
7062: 7062 1
7063: 7063 1
7064: 7064 1
7065: 7065 1
7066: 7066 1
7067: 7067 1
7068: 7068 4
707: 707 0
7073: 7073 3
7077: 7077 2
708: 708 6
7080: 7080 5
7086: 7086 4
7091: 7091 3
7095: 7095 2
7098: 7098 1
7099: 7099 1
7100: 7100 2
7103: 7103 1
7104: 7104 1
7105: 7105 1
7106: 7106 1
7107: 7107 6
7114: 7114 10
7125: 7125 10
7136: 7136 5
7142: 7142 6
7149: 7149 9
715: 715 5
7159: 7159 10
7170: 7170 9
7180: 7180 6
7187: 7187 1
7188: 7188 2
7191: 7191 2
7194: 7194 3
7198: 7198 3
7202: 7202 2
7205: 7205 3
7209: 7209 3
721: 721 5
7213: 7213 2
7216: 7216 2
7219: 7219 2
7222: 7222 6
7229: 7229 10
7240: 7240 9
7250: 7250 7
7258: 7258 13
727: 727 5
7272: 7272 15
7288: 7288 12
7301: 7301 5
7307: 7307 6
7314: 7314 3
7318: 7318 3
7322: 7322 2
7325: 7325 2
7328: 7328 2
733: 733 1
7331: 7331 2
7334: 7334 2
7337: 7337 2
734: 734 7
7340: 7340 2
7343: 7343 2
7346: 7346 4
7351: 7351 3
7355: 7355 2
7358: 7358 5
7364: 7364 4
7369: 7369 3
7373: 7373 2
7376: 7376 1
7377: 7377 1
7378: 7378 2
7381: 7381 2
7384: 7384 2
7387: 7387 3
7391: 7391 2
7394: 7394 3
7398: 7398 3
7402: 7402 2
7405: 7405 2
7408: 7408 2
7411: 7411 2
7414: 7414 2
7417: 7417 2
742: 742 5
7420: 7420 2
7423: 7423 2
7426: 7426 2
7429: 7429 2
7432: 7432 2
7435: 7435 2
7438: 7438 2
7441: 7441 2
7444: 7444 2
7447: 7447 2
7450: 7450 2
7453: 7453 2
7456: 7456 2
7459: 7459 2
7462: 7462 2
7465: 7465 2
7468: 7468 2
7471: 7471 2
7474: 7474 2
7477: 7477 1
7478: 7478 1
7479: 7479 2
748: 748 1
7482: 7482 2
7485: 7485 2
7488: 7488 2
749: 749 1
7491: 7491 2
7494: 7494 2
7497: 7497 2
750: 750 4
7500: 7500 2
7503: 7503 2
7506: 7506 2
7509: 7509 2
7512: 7512 2
7515: 7515 2
7518: 7518 2
7521: 7521 2
7524: 7524 2
7527: 7527 2
7530: 7530 2
7533: 7533 2
7536: 7536 2
7539: 7539 2
7542: 7542 2
7545: 7545 2
7548: 7548 2
7551: 7551 1
7552: 7552 1
7553: 7553 2
7556: 7556 1
7557: 7557 1
7558: 7558 1
7559: 7559 1
7560: 7560 2
7563: 7563 2
7566: 7566 2
7569: 7569 2
7572: 7572 1
7573: 7573 1
7574: 7574 2
7577: 7577 2
758: 758 1
7580: 7580 1
7581: 7581 1
7582: 7582 2
7585: 7585 2
7588: 7588 2
759: 759 2
7591: 7591 2
7609: 7609 3
7613: 7613 2
762: 762 5
7620: 7620 2
7649: 7649 1
7650: 7650 2
7655: 7655 3
7659: 7659 2
7668: 7668 1
7671: 7671 2
768: 768 5
774: 774 5
7744: 7744 1
780: 780 5
7822: 7822 1
7825: 7825 1
7826: 7826 1
7852: 7852 2
786: 786 7
794: 794 5
800: 800 5
806: 806 5
8114: 8114 2
8117: 8117 2
812: 812 1
813: 813 0
8131: 8131 2
8134: 8134 2
814: 814 6
8144: 8144 1
8145: 8145 1
8146: 8146 2
8156: 8156 2
8166: 8166 2
8169: 8169 2
8183: 8183 2
8186: 8186 2
8196: 8196 2
8200: 8200 2
8204: 8204 2
8208: 8208 2
821: 821 5
8216: 8216 1
8217: 8217 1
8218: 8218 1
8219: 8219 1
8232: 8232 1
8233: 8233 1
8242: 8242 1
8243: 8243 1
8244: 8244 1
8245: 8245 1
8246: 8246 1
8247: 8247 1
8248: 8248 1
8249: 8249 1
8250: 8250 1
8251: 8251 1
8252: 8252 1
8253: 8253 1
8254: 8254 1
8260: 8260 1
8261: 8261 1
8262: 8262 4
8269: 8269 4
827: 827 5
8274: 8274 1
8275: 8275 1
8276: 8276 1
8277: 8277 1
8278: 8278 1
8279: 8279 1
8280: 8280 1
8281: 8281 1
8282: 8282 1
8283: 8283 1
8284: 8284 1
8285: 8285 1
8288: 8288 1
8294: 8294 1
8295: 8295 1
8296: 8296 1
8297: 8297 1
8298: 8298 6
8307: 8307 6
8315: 8315 1
8317: 8317 1
8319: 8319 1
8321: 8321 1
8322: 8322 1
8323: 8323 1
8324: 8324 1
8325: 8325 1
8326: 8326 6
833: 833 5
8333: 8333 3
8337: 8337 1
8338: 8338 1
8339: 8339 1
8340: 8340 1
8341: 8341 1
8342: 8342 1
8343: 8343 1
8344: 8344 1
8345: 8345 1
8346: 8346 1
8347: 8347 1
8348: 8348 1
8349: 8349 1
8350: 8350 1
8351: 8351 1
8352: 8352 1
8353: 8353 1
8354: 8354 1
8355: 8355 1
8356: 8356 1
8357: 8357 1
8358: 8358 6
8365: 8365 3
8369: 8369 1
8370: 8370 1
8371: 8371 1
8372: 8372 1
8373: 8373 1
8374: 8374 1
8375: 8375 1
8376: 8376 1
8377: 8377 1
8378: 8378 1
8379: 8379 1
8380: 8380 1
8381: 8381 1
8382: 8382 1
8383: 8383 1
8384: 8384 1
8385: 8385 1
8386: 8386 1
8387: 8387 1
8388: 8388 1
8389: 8389 1
839: 839 5
8390: 8390 1
8391: 8391 1
8392: 8392 1
8393: 8393 1
8394: 8394 9
8404: 8404 1
8405: 8405 3
8409: 8409 1
8410: 8410 1
8411: 8411 1
8412: 8412 2
8415: 8415 1
8416: 8416 1
8417: 8417 1
8418: 8418 1
8421: 8421 8
8430: 8430 2
8433: 8433 1
8434: 8434 1
8435: 8435 1
8436: 8436 1
8437: 8437 1
8438: 8438 1
8439: 8439 1
8440: 8440 1
8441: 8441 1
8442: 8442 1
8443: 8443 1
8444: 8444 2
8447: 8447 1
8448: 8448 1
8449: 8449 1
845: 845 7
8450: 8450 1
8451: 8451 1
8452: 8452 1
8453: 8453 1
8454: 8454 1
8455: 8455 1
8456: 8456 1
8457: 8457 2
8460: 8460 2
8463: 8463 2
8466: 8466 2
8469: 8469 1
8470: 8470 1
8471: 8471 2
8474: 8474 2
8477: 8477 2
8480: 8480 2
8483: 8483 1
8484: 8484 1
8485: 8485 2
8488: 8488 1
8489: 8489 1
8490: 8490 1
8491: 8491 1
8492: 8492 1
8493: 8493 1
8494: 8494 1
8495: 8495 1
8496: 8496 1
8497: 8497 2
8500: 8500 1
8501: 8501 1
8502: 8502 1
8503: 8503 1
8504: 8504 1
8505: 8505 1
8506: 8506 1
8507: 8507 1
8508: 8508 1
8509: 8509 1
8510: 8510 1
8511: 8511 1
8512: 8512 1
8513: 8513 1
8514: 8514 1
8515: 8515 1
8516: 8516 1
8517: 8517 1
8518: 8518 1
8519: 8519 2
8522: 8522 2
8525: 8525 2
8528: 8528 2
853: 853 5
8531: 8531 2
8534: 8534 2
8537: 8537 1
8538: 8538 1
8539: 8539 1
8540: 8540 1
8541: 8541 3
8545: 8545 1
8546: 8546 1
8547: 8547 1
8548: 8548 2
8551: 8551 1
8552: 8552 1
8553: 8553 1
8554: 8554 1
8555: 8555 2
8558: 8558 2
8561: 8561 2
8564: 8564 1
8565: 8565 1
8566: 8566 2
8569: 8569 2
8572: 8572 2
8575: 8575 2
8578: 8578 1
8579: 8579 1
8580: 8580 2
8583: 8583 2
8586: 8586 2
8589: 8589 2
859: 859 5
8592: 8592 2
8595: 8595 2
8598: 8598 2
8601: 8601 2
8604: 8604 2
8607: 8607 1
8608: 8608 1
8609: 8609 1
8610: 8610 1
8615: 8615 1
8616: 8616 1
8617: 8617 1
8618: 8618 1
8619: 8619 1
8624: 8624 1
8625: 8625 1
8626: 8626 1
8627: 8627 2
8632: 8632 1
8633: 8633 1
8634: 8634 1
8637: 8637 1
8638: 8638 1
8639: 8639 1
8644: 8644 1
8645: 8645 1
8646: 8646 1
8647: 8647 1
8648: 8648 1
865: 865 5
8653: 8653 1
8654: 8654 1
8655: 8655 1
8660: 8660 2
8663: 8663 2
8666: 8666 2
8669: 8669 2
8672: 8672 2
8675: 8675 2
8678: 8678 2
8681: 8681 2
8684: 8684 2
8687: 8687 2
8690: 8690 2
8693: 8693 2
8696: 8696 2
8699: 8699 2
8702: 8702 2
8705: 8705 2
8708: 8708 2
871: 871 2
8711: 8711 2
8714: 8714 2
8717: 8717 1
8718: 8718 2
8721: 8721 2
8724: 8724 2
8727: 8727 2
8730: 8730 2
8733: 8733 1
8734: 8734 1
8735: 8735 2
8738: 8738 2
8741: 8741 2
8744: 8744 2
8747: 8747 2
8750: 8750 2
8753: 8753 1
8754: 8754 1
8755: 8755 1
8756: 8756 1
8757: 8757 2
8760: 8760 2
8763: 8763 2
8766: 8766 2
8769: 8769 2
8772: 8772 2
8775: 8775 2
8778: 8778 2
8781: 8781 2
8784: 8784 2
8787: 8787 2
8790: 8790 2
8793: 8793 2
8796: 8796 2
8799: 8799 2
8802: 8802 2
8805: 8805 2
8808: 8808 2
881: 881 0
8811: 8811 2
8814: 8814 1
8815: 8815 1
8816: 8816 1
8817: 8817 1
8818: 8818 1
882: 882 0
883: 883 0
884: 884 0
8840: 8840 1
885: 885 0
8857: 8857 3
886: 886 1
8861: 8861 1
8862: 8862 1
8863: 8863 1
8864: 8864 1
8865: 8865 1
8866: 8866 1
887: 887 1
8871: 8871 2
8874: 8874 1
8878: 8878 1
8879: 8879 1
8880: 8880 1
8881: 8881 1
8882: 8882 1
8883: 8883 1
8884: 8884 1
8885: 8885 1
8886: 8886 1
8887: 8887 1
8888: 8888 1
889: 889 0
8898: 8898 3
8902: 8902 2
8920: 8920 3
8924: 8924 2
8927: 8927 3
8931: 8931 2
8943: 8943 3
8950: 8950 3
8956: 8956 2
8959: 8959 1
8960: 8960 1
8963: 8963 1
8966: 8966 2
8991: 8991 1
8992: 8992 1
8995: 8995 1
8996: 8996 2
9001: 9001 3
9005: 9005 2
9024: 9024 1
9025: 9025 1
9029: 9029 3
9035: 9035 2
9053: 9053 1
9054: 9054 1
9064: 9064 1
9065: 9065 1
9066: 9066 1
9067: 9067 1
9068: 9068 2
9071: 9071 1
9072: 9072 1
9073: 9073 1
9074: 9074 2
9077: 9077 1
9079: 9079 2
9082: 9082 1
9083: 9083 2
9086: 9086 1
9087: 9087 1
9088: 9088 1
9089: 9089 2
9092: 9092 1
9093: 9093 1
9094: 9094 1
9095: 9095 2
9098: 9098 1
9099: 9099 2
9103: 9103 2
9107: 9107 2
9111: 9111 2
9117: 9117 2
9127: 9127 2
9146: 9146 2
9149: 9149 2
9159: 9159 1
9160: 9160 1
9161: 9161 2
9165: 9165 2
9169: 9169 2
9173: 9173 2
9179: 9179 1
9180: 9180 1
9181: 9181 1
9182: 9182 1
9183: 9183 2
9193: 9193 2
9203: 9203 2
9206: 9206 2
9220: 9220 2
9223: 9223 2
9234: 9234 1
9235: 9235 1
9236: 9236 1
9237: 9237 1
9238: 9238 1
9242: 9242 1
9243: 9243 1
9244: 9244 1
9245: 9245 1
9246: 9246 1
9247: 9247 1
9248: 9248 1
9249: 9249 1
9250: 9250 1
9251: 9251 1
9252: 9252 1
9256: 9256 1
9257: 9257 1
9258: 9258 1
9259: 9259 1
9260: 9260 1
9261: 9261 1
9262: 9262 1
9265: 9265 2
9268: 9268 2
9271: 9271 1
9272: 9272 1
9273: 9273 1
9274: 9274 1
9275: 9275 1
9276: 9276 1
9280: 9280 2
9285: 9285 1
9286: 9286 1
9287: 9287 1
9288: 9288 1
9290: 9290 1
9292: 9292 1
9294: 9294 1
9296: 9296 1
9297: 9297 1
9298: 9298 1
9299: 9299 1
9300: 9300 1
9301: 9301 1
9307: 9307 3
9314: 9314 1
9315: 9315 1
9318: 9318 1
9319: 9319 1
9320: 9320 1
9321: 9321 1
9322: 9322 1
9323: 9323 1
9324: 9324 1
9326: 9326 1
9332: 9332 6
9339: 9339 2
9344: 9344 6
9352: 9352 1
9354: 9354 1
9356: 9356 1
9358: 9358 1
9359: 9359 1
9360: 9360 1
9361: 9361 1
9362: 9362 1
9363: 9363 1
9364: 9364 1
9365: 9365 1
9366: 9366 1
9367: 9367 1
9368: 9368 1
9369: 9369 1
9370: 9370 1
9371: 9371 1
9372: 9372 1
9375: 9375 1
9381: 9381 1
9382: 9382 1
9383: 9383 1
9384: 9384 1
9385: 9385 6
9392: 9392 1
9393: 9393 1
9394: 9394 1
9395: 9395 1
9396: 9396 1
9397: 9397 1
9398: 9398 1
9399: 9399 1
9400: 9400 1
9401: 9401 1
9402: 9402 1
9407: 9407 1
9408: 9408 3
9412: 9412 1
9413: 9413 1
9414: 9414 1
9415: 9415 1
9416: 9416 1
9417: 9417 1
9418: 9418 1
9419: 9419 1
9420: 9420 1
9421: 9421 1
9422: 9422 1
9423: 9423 2
9426: 9426 2
9429: 9429 2
9432: 9432 1
9435: 9435 1
9442: 9442 1
9445: 9445 1
945: 945 0
9454: 9454 1
9455: 9455 1
9456: 9456 1
9459: 9459 1
9460: 9460 1
9461: 9461 1
9462: 9462 2
9465: 9465 1
9466: 9466 1
9467: 9467 1
9468: 9468 1
9473: 9473 2
9476: 9476 1
9477: 9477 1
9478: 9478 2
9485: 9485 2
9488: 9488 2
9493: 9493 1
9494: 9494 1
9495: 9495 1
9498: 9498 1
9499: 9499 1
9500: 9500 1
9505: 9505 1
9506: 9506 1
9507: 9507 1
9508: 9508 1
9509: 9509 1
9514: 9514 1
9515: 9515 1
9516: 9516 1
9517: 9517 2
9520: 9520 2
9526: 9526 1
9531: 9531 1
9539: 9539 1
9540: 9540 1
9541: 9541 1
9543: 9543 2
9551: 9551 2
9555: 9555 1
9556: 9556 1
9557: 9557 1
9560: 9560 1
9561: 9561 1
9562: 9562 1
9563: 9563 1
9564: 9564 1
9565: 9565 1
9566: 9566 1
9567: 9567 1
9568: 9568 1
9569: 9569 1
957: 957 6
9570: 9570 1
9571: 9571 1
9575: 9575 3
9579: 9579 1
9581: 9581 1
9582: 9582 1
9585: 9585 1
9591: 9591 1
9592: 9592 1
9593: 9593 1
9594: 9594 1
9595: 9595 1
9596: 9596 1
9597: 9597 1
9598: 9598 1
9599: 9599 1
9600: 9600 1
9601: 9601 1
9602: 9602 1
9603: 9603 1
9604: 9604 1
9605: 9605 1
9608: 9608 2
9611: 9611 1
9612: 9612 1
9613: 9613 1
9614: 9614 1
9615: 9615 1
9616: 9616 1
9617: 9617 1
9618: 9618 1
9621: 9621 1
9622: 9622 1
9623: 9623 1
9624: 9624 1
9626: 9626 2
9629: 9629 2
9632: 9632 2
9635: 9635 2
9642: 9642 2
9645: 9645 1
9646: 9646 2
9649: 9649 1
9650: 9650 2
9653: 9653 2
9656: 9656 2
9659: 9659 1
9660: 9660 1
9661: 9661 1
9662: 9662 1
9663: 9663 2
9666: 9666 1
9667: 9667 2
9670: 9670 1
9671: 9671 2
9674: 9674 1
9675: 9675 2
9678: 9678 1
9679: 9679 2
9682: 9682 2
9685: 9685 2
9690: 9690 1
9691: 9691 1
9692: 9692 2
9695: 9695 1
9698: 9698 2
9702: 9702 2
9707: 9707 2
9710: 9710 1
9711: 9711 2
9714: 9714 1
9715: 9715 1
9716: 9716 1
9717: 9717 2
9720: 9720 1
9721: 9721 1
9722: 9722 1
9723: 9723 2
9726: 9726 1
9727: 9727 2
9732: 9732 1
9733: 9733 1
9734: 9734 1
9735: 9735 1
9736: 9736 1
9737: 9737 1
9738: 9738 1
9739: 9739 1
9740: 9740 1
9741: 9741 1
9742: 9742 1
9754: 9754 3
9758: 9758 3
9762: 9762 1
9763: 9763 1
9764: 9764 1
9765: 9765 1
9766: 9766 1
9767: 9767 1
9768: 9768 1
9769: 9769 1
9773: 9773 1
9774: 9774 1
9775: 9775 3
9779: 9779 3
9784: 9784 1
9785: 9785 1
9786: 9786 3
9790: 9790 1
9791: 9791 3
9795: 9795 1
9796: 9796 1
9797: 9797 1
9798: 9798 1
9799: 9799 1
9800: 9800 1
9801: 9801 1
9802: 9802 1
9803: 9803 1
9805: 9805 1
9806: 9806 1
9809: 9809 3
9813: 9813 1
9814: 9814 1
9815: 9815 1
9816: 9816 1
9817: 9817 2
9820: 9820 3
9825: 9825 1
9826: 9826 1
9827: 9827 1
9828: 9828 1
9829: 9829 1
9830: 9830 1
9835: 9835 1
9836: 9836 1
9837: 9837 1
9838: 9838 1
9846: 9846 1
9847: 9847 1
9862: 9862 1
9863: 9863 1
9866: 9866 1
9873: 9873 1
9876: 9876 1
9890: 9890 1
9891: 9891 1
9892: 9892 1
9893: 9893 1
9894: 9894 1
9895: 9895 1
9896: 9896 1
9897: 9897 1
9898: 9898 1
9899: 9899 1
9900: 9900 1
9901: 9901 1
9902: 9902 1
9903: 9903 1
9904: 9904 1
9905: 9905 1
9906: 9906 1
9907: 9907 1
9908: 9908 1
9909: 9909 1
9910: 9910 1
9911: 9911 1
9917: 9917 1
9923: 9923 1
9924: 9924 1
9925: 9925 6
9932: 9932 2
9935: 9935 2
9938: 9938 1
9939: 9939 1
9945: 9945 1
9946: 9946 1
9947: 9947 1
9948: 9948 1
9949: 9949 2
9953: 9953 1
9954: 9954 1
9955: 9955 1
9956: 9956 1
9957: 9957 1
9958: 9958 1
9959: 9959 1
9960: 9960 1
9961: 9961 2
9964: 9964 2
9967: 9967 1
9968: 9968 1
9969: 9969 1
9970: 9970 1
9971: 9971 1
9972: 9972 1
9973: 9973 1
9974: 9974 1
9975: 9975 1
9976: 9976 1
9977: 9977 1
9978: 9978 1
9979: 9979 2
9982: 9982 1
9983: 9983 2
9986: 9986 2
9989: 9989 2
9992: 9992 2
9995: 9995 1
9996: 9996 1
9997: 9997 1
9998: 9998 1
9999: 9999 2

Outputs:
-------------------------
10025: 10025 0
10101: 10101 0
10102: 10102 0
10103: 10103 0
10104: 10104 0
10109: 10109 0
10110: 10110 0
10111: 10111 0
10112: 10112 0
10350: 10350 0
10351: 10351 0
10352: 10352 0
10353: 10353 0
10574: 10574 0
10575: 10575 0
10576: 10576 0
10628: 10628 0
10632: 10632 0
10641: 10641 0
10704: 10704 0
10706: 10706 0
10711: 10711 0
10712: 10712 0
10713: 10713 0
10714: 10714 0
10715: 10715 0
10716: 10716 0
10717: 10717 0
10718: 10718 0
10729: 10729 0
10759: 10759 0
10760: 10760 0
10761: 10761 0
10762: 10762 0
10763: 10763 0
10827: 10827 0
10837: 10837 0
10838: 10838 0
10839: 10839 0
10840: 10840 0
10868: 10868 0
10869: 10869 0
10870: 10870 0
10871: 10871 0
10905: 10905 0
10906: 10906 0
10907: 10907 0
10908: 10908 0
1110: 1110 0
1111: 1111 0
1112: 1112 0
1113: 1113 0
1114: 1114 0
11333: 11333 0
11334: 11334 0
11340: 11340 0
11342: 11342 0
1489: 1489 0
1490: 1490 0
1781: 1781 0
241: 241 0
387: 387 0
388: 388 0
478: 478 0
482: 482 0
484: 484 0
486: 486 0
489: 489 0
492: 492 0
501: 501 0
505: 505 0
507: 507 0
509: 509 0
511: 511 0
513: 513 0
515: 515 0
517: 517 0
519: 519 0
535: 535 0
537: 537 0
539: 539 0
541: 541 0
543: 543 0
545: 545 0
547: 547 0
549: 549 0
551: 551 0
553: 553 0
556: 556 0
559: 559 0
561: 561 0
563: 563 0
565: 565 0
567: 567 0
569: 569 0
571: 571 0
573: 573 0
582: 582 0
643: 643 0
707: 707 0
813: 813 0
881: 881 0
882: 882 0
883: 883 0
884: 884 0
885: 885 0
889: 889 0
945: 945 0
